/Users/hans/Documents/Projects/C64/asm
OPENCBM: opening dynamic library libopencbm.dylib failed!
D64 disk image recognised: disk/examples.d64, 35 tracks.
Unit 8 drive 0: D64 disk image attached: disk/examples.d64.
writing file `ADVENTURE.PRG' as `ADVENTURE' to unit 8
Unit 8 drive 0: D64 disk image detached: disk/examples.d64.
/Users/hans/Documents/Projects/C64/asm
OPENCBM: opening dynamic library libopencbm.dylib failed!
D64 disk image recognised: disk/examples.d64, 35 tracks.
Unit 8 drive 0: D64 disk image attached: disk/examples.d64.
writing file `BOUNCE.PRG' as `BOUNCE' to unit 8
Unit 8 drive 0: D64 disk image detached: disk/examples.d64.
/Users/hans/Documents/Projects/C64/asm
OPENCBM: opening dynamic library libopencbm.dylib failed!
D64 disk image recognised: disk/examples.d64, 35 tracks.
Unit 8 drive 0: D64 disk image attached: disk/examples.d64.
writing file `DEMO.PRG' as `DEMO' to unit 8
Unit 8 drive 0: D64 disk image detached: disk/examples.d64.
/Users/hans/Documents/Projects/C64/asm
OPENCBM: opening dynamic library libopencbm.dylib failed!
D64 disk image recognised: disk/examples.d64, 35 tracks.
Unit 8 drive 0: D64 disk image attached: disk/examples.d64.
writing file `EDITOR.PRG' as `EDITOR' to unit 8
Unit 8 drive 0: D64 disk image detached: disk/examples.d64.
/Users/hans/Documents/Projects/C64/asm
OPENCBM: opening dynamic library libopencbm.dylib failed!
D64 disk image recognised: disk/examples.d64, 35 tracks.
Unit 8 drive 0: D64 disk image attached: disk/examples.d64.
writing file `HELLO.PRG' as `HELLO' to unit 8
Unit 8 drive 0: D64 disk image detached: disk/examples.d64.
/Users/hans/Documents/Projects/C64/asm
OPENCBM: opening dynamic library libopencbm.dylib failed!
D64 disk image recognised: disk/examples.d64, 35 tracks.
Unit 8 drive 0: D64 disk image attached: disk/examples.d64.
writing file `ILLEGAL.PRG' as `ILLEGAL' to unit 8
Unit 8 drive 0: D64 disk image detached: disk/examples.d64.
/Users/hans/Documents/Projects/C64/asm
OPENCBM: opening dynamic library libopencbm.dylib failed!
D64 disk image recognised: disk/examples.d64, 35 tracks.
Unit 8 drive 0: D64 disk image attached: disk/examples.d64.
writing file `LANDER.PRG' as `LANDER' to unit 8
Unit 8 drive 0: D64 disk image detached: disk/examples.d64.
/Users/hans/Documents/Projects/C64/asm
OPENCBM: opening dynamic library libopencbm.dylib failed!
D64 disk image recognised: disk/examples.d64, 35 tracks.
Unit 8 drive 0: D64 disk image attached: disk/examples.d64.
writing file `MUSIC_DEMO.PRG' as `MUSIC-DEMO' to unit 8
Unit 8 drive 0: D64 disk image detached: disk/examples.d64.
/Users/hans/Documents/Projects/C64/asm
OPENCBM: opening dynamic library libopencbm.dylib failed!
D64 disk image recognised: disk/examples.d64, 35 tracks.
Unit 8 drive 0: D64 disk image attached: disk/examples.d64.
writing file `PONG.PRG' as `PONG' to unit 8
Unit 8 drive 0: D64 disk image detached: disk/examples.d64.
/Users/hans/Documents/Projects/C64/asm
OPENCBM: opening dynamic library libopencbm.dylib failed!
D64 disk image recognised: disk/examples.d64, 35 tracks.
Unit 8 drive 0: D64 disk image attached: disk/examples.d64.
writing file `SPRITES.PRG' as `SPRITES' to unit 8
Unit 8 drive 0: D64 disk image detached: disk/examples.d64.
/Users/hans/Documents/Projects/C64/asm
OPENCBM: opening dynamic library libopencbm.dylib failed!
D64 disk image recognised: disk/examples.d64, 35 tracks.
Unit 8 drive 0: D64 disk image attached: disk/examples.d64.
formatting in unit 8 ...
Unit 8 drive 0: D64 disk image detached: disk/examples.d64.
/Users/hans/Documents/Projects/C64/asm
OPENCBM: opening dynamic library libopencbm.dylib failed!
D64 disk image recognised: disk/examples.d64, 35 tracks.
Unit 8 drive 0: D64 disk image attached: disk/examples.d64.
writing file `ADVENTURE.PRG' as `ADVENTURE' to unit 8
Unit 8 drive 0: D64 disk image detached: disk/examples.d64.
/Users/hans/Documents/Projects/C64/asm
OPENCBM: opening dynamic library libopencbm.dylib failed!
D64 disk image recognised: disk/examples.d64, 35 tracks.
Unit 8 drive 0: D64 disk image attached: disk/examples.d64.
writing file `BOUNCE.PRG' as `BOUNCE' to unit 8
Unit 8 drive 0: D64 disk image detached: disk/examples.d64.
/Users/hans/Documents/Projects/C64/asm
OPENCBM: opening dynamic library libopencbm.dylib failed!
D64 disk image recognised: disk/examples.d64, 35 tracks.
Unit 8 drive 0: D64 disk image attached: disk/examples.d64.
writing file `DEMO.PRG' as `DEMO' to unit 8
Unit 8 drive 0: D64 disk image detached: disk/examples.d64.
/Users/hans/Documents/Projects/C64/asm
OPENCBM: opening dynamic library libopencbm.dylib failed!
D64 disk image recognised: disk/examples.d64, 35 tracks.
Unit 8 drive 0: D64 disk image attached: disk/examples.d64.
writing file `EDITOR.PRG' as `EDITOR' to unit 8
Unit 8 drive 0: D64 disk image detached: disk/examples.d64.
/Users/hans/Documents/Projects/C64/asm
OPENCBM: opening dynamic library libopencbm.dylib failed!
D64 disk image recognised: disk/examples.d64, 35 tracks.
Unit 8 drive 0: D64 disk image attached: disk/examples.d64.
writing file `HELLO.PRG' as `HELLO' to unit 8
Unit 8 drive 0: D64 disk image detached: disk/examples.d64.
/Users/hans/Documents/Projects/C64/asm
OPENCBM: opening dynamic library libopencbm.dylib failed!
D64 disk image recognised: disk/examples.d64, 35 tracks.
Unit 8 drive 0: D64 disk image attached: disk/examples.d64.
writing file `ILLEGAL.PRG' as `ILLEGAL' to unit 8
Unit 8 drive 0: D64 disk image detached: disk/examples.d64.
/Users/hans/Documents/Projects/C64/asm
OPENCBM: opening dynamic library libopencbm.dylib failed!
D64 disk image recognised: disk/examples.d64, 35 tracks.
Unit 8 drive 0: D64 disk image attached: disk/examples.d64.
writing file `LANDER.PRG' as `LANDER' to unit 8
Unit 8 drive 0: D64 disk image detached: disk/examples.d64.
/Users/hans/Documents/Projects/C64/asm
OPENCBM: opening dynamic library libopencbm.dylib failed!
D64 disk image recognised: disk/examples.d64, 35 tracks.
Unit 8 drive 0: D64 disk image attached: disk/examples.d64.
writing file `MUSIC_DEMO.PRG' as `MUSIC-DEMO' to unit 8
Unit 8 drive 0: D64 disk image detached: disk/examples.d64.
/Users/hans/Documents/Projects/C64/asm
OPENCBM: opening dynamic library libopencbm.dylib failed!
D64 disk image recognised: disk/examples.d64, 35 tracks.
Unit 8 drive 0: D64 disk image attached: disk/examples.d64.
writing file `PONG.PRG' as `PONG' to unit 8
Unit 8 drive 0: D64 disk image detached: disk/examples.d64.
/Users/hans/Documents/Projects/C64/asm
OPENCBM: opening dynamic library libopencbm.dylib failed!
D64 disk image recognised: disk/examples.d64, 35 tracks.
Unit 8 drive 0: D64 disk image attached: disk/examples.d64.
writing file `SPRITES.PRG' as `SPRITES' to unit 8
Unit 8 drive 0: D64 disk image detached: disk/examples.d64.
/Users/hans/Documents/Projects/C64/asm
OPENCBM: opening dynamic library libopencbm.dylib failed!
D64 disk image recognised: disk/examples.d64, 35 tracks.
Unit 8 drive 0: D64 disk image attached: disk/examples.d64.
formatting in unit 8 ...
Unit 8 drive 0: D64 disk image detached: disk/examples.d64.
/Users/hans/Documents/Projects/C64/asm
OPENCBM: opening dynamic library libopencbm.dylib failed!
D64 disk image recognised: disk/examples.d64, 35 tracks.
Unit 8 drive 0: D64 disk image attached: disk/examples.d64.
writing file `ADVENTURE.PRG' as `ADVENTURE' to unit 8
Unit 8 drive 0: D64 disk image detached: disk/examples.d64.
/Users/hans/Documents/Projects/C64/asm
OPENCBM: opening dynamic library libopencbm.dylib failed!
D64 disk image recognised: disk/examples.d64, 35 tracks.
Unit 8 drive 0: D64 disk image attached: disk/examples.d64.
writing file `BOUNCE.PRG' as `BOUNCE' to unit 8
Unit 8 drive 0: D64 disk image detached: disk/examples.d64.
/Users/hans/Documents/Projects/C64/asm
OPENCBM: opening dynamic library libopencbm.dylib failed!
D64 disk image recognised: disk/examples.d64, 35 tracks.
Unit 8 drive 0: D64 disk image attached: disk/examples.d64.
writing file `DEMO.PRG' as `DEMO' to unit 8
Unit 8 drive 0: D64 disk image detached: disk/examples.d64.
/Users/hans/Documents/Projects/C64/asm
OPENCBM: opening dynamic library libopencbm.dylib failed!
D64 disk image recognised: disk/examples.d64, 35 tracks.
Unit 8 drive 0: D64 disk image attached: disk/examples.d64.
writing file `EDITOR.PRG' as `EDITOR' to unit 8
Unit 8 drive 0: D64 disk image detached: disk/examples.d64.
/Users/hans/Documents/Projects/C64/asm
OPENCBM: opening dynamic library libopencbm.dylib failed!
D64 disk image recognised: disk/examples.d64, 35 tracks.
Unit 8 drive 0: D64 disk image attached: disk/examples.d64.
writing file `HELLO.PRG' as `HELLO' to unit 8
Unit 8 drive 0: D64 disk image detached: disk/examples.d64.
/Users/hans/Documents/Projects/C64/asm
OPENCBM: opening dynamic library libopencbm.dylib failed!
D64 disk image recognised: disk/examples.d64, 35 tracks.
Unit 8 drive 0: D64 disk image attached: disk/examples.d64.
writing file `ILLEGAL.PRG' as `ILLEGAL' to unit 8
Unit 8 drive 0: D64 disk image detached: disk/examples.d64.
/Users/hans/Documents/Projects/C64/asm
OPENCBM: opening dynamic library libopencbm.dylib failed!
D64 disk image recognised: disk/examples.d64, 35 tracks.
Unit 8 drive 0: D64 disk image attached: disk/examples.d64.
writing file `LANDER.PRG' as `LANDER' to unit 8
Unit 8 drive 0: D64 disk image detached: disk/examples.d64.
/Users/hans/Documents/Projects/C64/asm
OPENCBM: opening dynamic library libopencbm.dylib failed!
D64 disk image recognised: disk/examples.d64, 35 tracks.
Unit 8 drive 0: D64 disk image attached: disk/examples.d64.
writing file `MUSIC_DEMO.PRG' as `MUSIC-DEMO' to unit 8
Unit 8 drive 0: D64 disk image detached: disk/examples.d64.
/Users/hans/Documents/Projects/C64/asm
OPENCBM: opening dynamic library libopencbm.dylib failed!
D64 disk image recognised: disk/examples.d64, 35 tracks.
Unit 8 drive 0: D64 disk image attached: disk/examples.d64.
writing file `PONG.PRG' as `PONG' to unit 8
Unit 8 drive 0: D64 disk image detached: disk/examples.d64.
/Users/hans/Documents/Projects/C64/asm
OPENCBM: opening dynamic library libopencbm.dylib failed!
D64 disk image recognised: disk/examples.d64, 35 tracks.
Unit 8 drive 0: D64 disk image attached: disk/examples.d64.
writing file `SPRITES.PRG' as `SPRITES' to unit 8
Unit 8 drive 0: D64 disk image detached: disk/examples.d64.
/Users/hans/Documents/Projects/C64/asm
OPENCBM: opening dynamic library libopencbm.dylib failed!
D64 disk image recognised: disk/examples.d64, 35 tracks.
Unit 8 drive 0: D64 disk image attached: disk/examples.d64.
formatting in unit 8 ...
Unit 8 drive 0: D64 disk image detached: disk/examples.d64.
/Users/hans/Documents/Projects/C64/asm
OPENCBM: opening dynamic library libopencbm.dylib failed!
D64 disk image recognised: disk/examples.d64, 35 tracks.
Unit 8 drive 0: D64 disk image attached: disk/examples.d64.
writing file `ADVENTURE.PRG' as `ADVENTURE' to unit 8
Unit 8 drive 0: D64 disk image detached: disk/examples.d64.
/Users/hans/Documents/Projects/C64/asm
OPENCBM: opening dynamic library libopencbm.dylib failed!
D64 disk image recognised: disk/examples.d64, 35 tracks.
Unit 8 drive 0: D64 disk image attached: disk/examples.d64.
writing file `BOUNCE.PRG' as `BOUNCE' to unit 8
Unit 8 drive 0: D64 disk image detached: disk/examples.d64.
/Users/hans/Documents/Projects/C64/asm
OPENCBM: opening dynamic library libopencbm.dylib failed!
D64 disk image recognised: disk/examples.d64, 35 tracks.
Unit 8 drive 0: D64 disk image attached: disk/examples.d64.
writing file `DEMO.PRG' as `DEMO' to unit 8
Unit 8 drive 0: D64 disk image detached: disk/examples.d64.
/Users/hans/Documents/Projects/C64/asm
OPENCBM: opening dynamic library libopencbm.dylib failed!
D64 disk image recognised: disk/examples.d64, 35 tracks.
Unit 8 drive 0: D64 disk image attached: disk/examples.d64.
writing file `EDITOR.PRG' as `EDITOR' to unit 8
Unit 8 drive 0: D64 disk image detached: disk/examples.d64.
/Users/hans/Documents/Projects/C64/asm
OPENCBM: opening dynamic library libopencbm.dylib failed!
D64 disk image recognised: disk/examples.d64, 35 tracks.
Unit 8 drive 0: D64 disk image attached: disk/examples.d64.
writing file `HELLO.PRG' as `HELLO' to unit 8
Unit 8 drive 0: D64 disk image detached: disk/examples.d64.
/Users/hans/Documents/Projects/C64/asm
OPENCBM: opening dynamic library libopencbm.dylib failed!
D64 disk image recognised: disk/examples.d64, 35 tracks.
Unit 8 drive 0: D64 disk image attached: disk/examples.d64.
writing file `ILLEGAL.PRG' as `ILLEGAL' to unit 8
Unit 8 drive 0: D64 disk image detached: disk/examples.d64.
/Users/hans/Documents/Projects/C64/asm
OPENCBM: opening dynamic library libopencbm.dylib failed!
D64 disk image recognised: disk/examples.d64, 35 tracks.
Unit 8 drive 0: D64 disk image attached: disk/examples.d64.
writing file `LANDER.PRG' as `LANDER' to unit 8
Unit 8 drive 0: D64 disk image detached: disk/examples.d64.
/Users/hans/Documents/Projects/C64/asm
OPENCBM: opening dynamic library libopencbm.dylib failed!
D64 disk image recognised: disk/examples.d64, 35 tracks.
Unit 8 drive 0: D64 disk image attached: disk/examples.d64.
writing file `MUSIC_DEMO.PRG' as `MUSIC-DEMO' to unit 8
Unit 8 drive 0: D64 disk image detached: disk/examples.d64.
/Users/hans/Documents/Projects/C64/asm
OPENCBM: opening dynamic library libopencbm.dylib failed!
D64 disk image recognised: disk/examples.d64, 35 tracks.
Unit 8 drive 0: D64 disk image attached: disk/examples.d64.
writing file `PONG.PRG' as `PONG' to unit 8
Unit 8 drive 0: D64 disk image detached: disk/examples.d64.
/Users/hans/Documents/Projects/C64/asm
OPENCBM: opening dynamic library libopencbm.dylib failed!
D64 disk image recognised: disk/examples.d64, 35 tracks.
Unit 8 drive 0: D64 disk image attached: disk/examples.d64.
writing file `SPRITES.PRG' as `SPRITES' to unit 8
Unit 8 drive 0: D64 disk image detached: disk/examples.d64.
