; c64asm listing  (origin $0801, 2598 bytes)

080D  4C AE 08          jmp start   ; see lib-reference.md's note on why this is needed
0810  85 FB             sta str_ptr
0812  84 FC             sty str_ptr+1
0814  A0 00             ldy #$00
0816  B1 FB             lda (str_ptr),y
0818  F0 06             beq __local1_done
081A  20 D2 FF          jsr CHROUT
081D  C8                iny
081E  D0 F6             bne __local1_loop
0820  60                rts
0821  85 02             sta kw_ptr
0823  84 03             sty kw_ptr+1
0825  A0 00             ldy #$00
0827  B1 FD             lda (cmp_ptr),y
0829  D1 02             cmp (kw_ptr),y
082B  D0 07             bne __local2_no
082D  C9 00             cmp #$00
082F  F0 06             beq __local2_yes
0831  C8                iny
0832  D0 F3             bne __local2_loop
0834  A9 00             lda #$00
0836  60                rts
0837  A9 01             lda #$01
0839  60                rts
083A  A9 00             lda #%00000000
083C  8D 02 DC          sta CIA1_DDRA
083F  AD 00 DC          lda CIA1_PRA
0842  49 FF             eor #$ff
0844  60                rts
086D  A2 00             ldx #$00
086F  20 CF FF          jsr CHRIN
0872  C9 0D             cmp #$0d
0874  F0 08             beq __local5_done
0876  9D 45 08          sta input_buf,x
0879  E8                inx
087A  E0 27             cpx #MAX_INPUT_LEN-1
087C  D0 F1             bne __local5_loop
087E  A9 00             lda #$00
0880  9D 45 08          sta input_buf,x
0883  60                rts
0884  85 FB             sta word_dest_ptr
0886  84 FC             sty word_dest_ptr+1
0888  BD 45 08          lda input_buf,x
088B  C9 20             cmp #$20
088D  D0 04             bne __local6_start
088F  E8                inx
0890  4C 88 08          jmp __local6_skip_spaces
0893  A0 00             ldy #$00
0895  BD 45 08          lda input_buf,x
0898  F0 0F             beq __local6_end
089A  C9 20             cmp #$20
089C  F0 0A             beq __local6_space
089E  91 FB             sta (word_dest_ptr),y
08A0  E8                inx
08A1  C8                iny
08A2  C0 0E             cpy #MAX_WORD_LEN-1
08A4  D0 EF             bne __local6_loop
08A6  F0 01             beq __local6_terminate
08A8  E8                inx
08A9  A9 00             lda #$00
08AB  91 FB             sta (word_dest_ptr),y
08AD  60                rts
08AE  A9 BA             lda #<msg_welcome1
08B0  A0 0C             ldy #>msg_welcome1
08B2  20 10 08          jsr print_msg
08B5  A9 D9             lda #<msg_welcome2
08B7  A0 0C             ldy #>msg_welcome2
08B9  20 10 08          jsr print_msg
08BC  20 2B 09          jsr describe_room
08BF  A9 B7             lda #<prompt_str
08C1  A0 0C             ldy #>prompt_str
08C3  20 10 08          jsr print_msg
08C6  20 6D 08          jsr read_line
08C9  20 D2 08          jsr tokenize
08CC  20 E6 08          jsr dispatch
08CF  4C BF 08          jmp main_loop
08D2  A2 00             ldx #$00
08D4  A9 D5             lda #<verb_buf
08D6  A0 0B             ldy #>verb_buf
08D8  20 84 08          jsr extract_word
08DB  A9 E5             lda #<noun_buf
08DD  A0 0B             ldy #>noun_buf
08DF  20 84 08          jsr extract_word
08E2  60                rts
08E3  6C 02 00          jmp (handler_vec)
08E6  A9 D5             lda #<verb_buf
08E8  85 FD             sta cmp_ptr
08EA  A9 0B             lda #>verb_buf
08EC  85 FE             sta cmp_ptr+1
08EE  A2 00             ldx #$00
08F0  BD F5 0B          lda verb_table,x
08F3  1D F6 0B          ora verb_table+1,x
08F6  F0 2B             beq dispatch_not_found       ; both bytes zero -> end-of-table marker
08F8  BD F5 0B          lda verb_table,x
08FB  BC F6 0B          ldy verb_table+1,x
08FE  20 21 08          jsr str_equal
0901  C9 01             cmp #1
0903  D0 16             bne dispatch_next
0905  A9 E5             lda #<noun_buf
0907  85 FD             sta cmp_ptr
0909  A9 0B             lda #>noun_buf
090B  85 FE             sta cmp_ptr+1
090D  BD F7 0B          lda verb_table+2,x
0910  85 02             sta handler_vec
0912  BD F8 0B          lda verb_table+3,x
0915  85 03             sta handler_vec+1
0917  20 E3 08          jsr call_indirect
091A  60                rts
091B  8A                txa
091C  18                clc
091D  69 04             adc #4
091F  AA                tax
0920  4C F0 08          jmp dispatch_loop
0923  A9 31             lda #<msg_dont_understand
0925  A0 11             ldy #>msg_dont_understand
0927  20 10 08          jsr print_msg
092A  60                rts
092B  AE BA 0B          ldx current_room
092E  8A                txa
092F  0A                asl a
0930  A8                tay
0931  B9 39 0C          lda room_desc_table,y
0934  48                pha
0935  B9 3A 0C          lda room_desc_table+1,y
0938  A8                tay
0939  68                pla
093A  20 10 08          jsr print_msg
093D  A2 00             ldx #$00
093F  BD BE 0B          lda item_location,x
0942  CD BA 0B          cmp current_room
0945  D0 0F             bne describe_item_next
0947  8A                txa
0948  0A                asl a
0949  A8                tay
094A  B9 43 0C          lda item_here_table,y
094D  48                pha
094E  B9 44 0C          lda item_here_table+1,y
0951  A8                tay
0952  68                pla
0953  20 10 08          jsr print_msg
0956  E8                inx
0957  E0 03             cpx #3
0959  D0 E4             bne describe_item_loop
095B  AD BA 0B          lda current_room
095E  C9 02             cmp #COTTAGE
0960  D0 1D             bne skip_chest_desc
0962  AD BB 0B          lda chest_open
0965  D0 0A             bne chest_is_open
0967  A9 7F             lda #<chest_closed_msg
0969  A0 0F             ldy #>chest_closed_msg
096B  20 10 08          jsr print_msg
096E  4C 7F 09          jmp skip_chest_desc
0971  AD BF 0B          lda item_location+KEY
0974  C9 02             cmp #COTTAGE
0976  F0 07             beq skip_chest_desc          ; key still visible -- item loop above already announced it
0978  A9 A5             lda #<chest_open_empty_msg
097A  A0 0F             ldy #>chest_open_empty_msg
097C  20 10 08          jsr print_msg
097F  AD BA 0B          lda current_room
0982  C9 03             cmp #CAVE_ENTRANCE
0984  D0 16             bne skip_door_desc
0986  AD BC 0B          lda door_unlocked
0989  D0 0A             bne door_is_open
098B  A9 1D             lda #<door_locked_msg
098D  A0 10             ldy #>door_locked_msg
098F  20 10 08          jsr print_msg
0992  4C 9C 09          jmp skip_door_desc
0995  A9 49             lda #<door_unlocked_msg
0997  A0 10             ldy #>door_unlocked_msg
0999  20 10 08          jsr print_msg
099C  60                rts
099D  20 2B 09          jsr describe_room
09A0  60                rts
09A1  AD E5 0B          lda noun_buf
09A4  D0 08             bne handle_go_check_words
09A6  A9 63             lda #<msg_bad_direction
09A8  A0 11             ldy #>msg_bad_direction
09AA  20 10 08          jsr print_msg
09AD  60                rts
09AE  A9 5D             lda #<kw_north
09B0  A0 0C             ldy #>kw_north
09B2  20 21 08          jsr str_equal
09B5  C9 01             cmp #1
09B7  F0 55             beq handle_go_north
09B9  A9 63             lda #<kw_n
09BB  A0 0C             ldy #>kw_n
09BD  20 21 08          jsr str_equal
09C0  C9 01             cmp #1
09C2  F0 4A             beq handle_go_north
09C4  A9 65             lda #<kw_south
09C6  A0 0C             ldy #>kw_south
09C8  20 21 08          jsr str_equal
09CB  C9 01             cmp #1
09CD  F0 48             beq handle_go_south
09CF  A9 6B             lda #<kw_s
09D1  A0 0C             ldy #>kw_s
09D3  20 21 08          jsr str_equal
09D6  C9 01             cmp #1
09D8  F0 3D             beq handle_go_south
09DA  A9 6D             lda #<kw_east
09DC  A0 0C             ldy #>kw_east
09DE  20 21 08          jsr str_equal
09E1  C9 01             cmp #1
09E3  F0 3B             beq handle_go_east
09E5  A9 72             lda #<kw_e
09E7  A0 0C             ldy #>kw_e
09E9  20 21 08          jsr str_equal
09EC  C9 01             cmp #1
09EE  F0 30             beq handle_go_east
09F0  A9 74             lda #<kw_west
09F2  A0 0C             ldy #>kw_west
09F4  20 21 08          jsr str_equal
09F7  C9 01             cmp #1
09F9  F0 2E             beq handle_go_west
09FB  A9 79             lda #<kw_w
09FD  A0 0C             ldy #>kw_w
09FF  20 21 08          jsr str_equal
0A02  C9 01             cmp #1
0A04  F0 23             beq handle_go_west
0A06  A9 63             lda #<msg_bad_direction
0A08  A0 11             ldy #>msg_bad_direction
0A0A  20 10 08          jsr print_msg
0A0D  60                rts
0A0E  AE BA 0B          ldx current_room
0A11  BD C1 0B          lda exit_north,x
0A14  4C 32 0A          jmp do_move_check
0A17  AE BA 0B          ldx current_room
0A1A  BD C6 0B          lda exit_south,x
0A1D  4C 32 0A          jmp do_move_check
0A20  AE BA 0B          ldx current_room
0A23  BD CB 0B          lda exit_east,x
0A26  4C 32 0A          jmp do_move_check
0A29  AE BA 0B          ldx current_room
0A2C  BD D0 0B          lda exit_west,x
0A2F  4C 32 0A          jmp do_move_check
0A32  C9 FF             cmp #$ff
0A34  D0 08             bne move_ok
0A36  A9 4B             lda #<msg_cant_go
0A38  A0 11             ldy #>msg_cant_go
0A3A  20 10 08          jsr print_msg
0A3D  60                rts
0A3E  8D BA 0B          sta current_room
0A41  20 2B 09          jsr describe_room
0A44  60                rts
0A45  AD E5 0B          lda noun_buf
0A48  D0 08             bne take_check_words
0A4A  A9 03             lda #<msg_take_what
0A4C  A0 11             ldy #>msg_take_what
0A4E  20 10 08          jsr print_msg
0A51  60                rts
0A52  A9 9A             lda #<kw_rock
0A54  A0 0C             ldy #>kw_rock
0A56  20 21 08          jsr str_equal
0A59  C9 01             cmp #1
0A5B  D0 05             bne take_try_key
0A5D  A2 00             ldx #ROCK
0A5F  4C 8A 0A          jmp take_item
0A62  A9 9F             lda #<kw_key
0A64  A0 0C             ldy #>kw_key
0A66  20 21 08          jsr str_equal
0A69  C9 01             cmp #1
0A6B  D0 05             bne take_try_treasure
0A6D  A2 01             ldx #KEY
0A6F  4C 8A 0A          jmp take_item
0A72  A9 A3             lda #<kw_treasure
0A74  A0 0C             ldy #>kw_treasure
0A76  20 21 08          jsr str_equal
0A79  C9 01             cmp #1
0A7B  D0 05             bne take_unknown
0A7D  A2 02             ldx #TREASURE
0A7F  4C 8A 0A          jmp take_item
0A82  A9 E9             lda #<msg_take_fail
0A84  A0 10             ldy #>msg_take_fail
0A86  20 10 08          jsr print_msg
0A89  60                rts
0A8A  BD BE 0B          lda item_location,x
0A8D  CD BA 0B          cmp current_room
0A90  F0 08             beq take_ok
0A92  A9 E9             lda #<msg_take_fail
0A94  A0 10             ldy #>msg_take_fail
0A96  20 10 08          jsr print_msg
0A99  60                rts
0A9A  A9 FE             lda #LOC_INV
0A9C  9D BE 0B          sta item_location,x
0A9F  8A                txa
0AA0  0A                asl a
0AA1  A8                tay
0AA2  B9 49 0C          lda item_take_msg_table,y
0AA5  48                pha
0AA6  B9 4A 0C          lda item_take_msg_table+1,y
0AA9  A8                tay
0AAA  68                pla
0AAB  20 10 08          jsr print_msg
0AAE  60                rts
0AAF  AD E5 0B          lda noun_buf
0AB2  D0 08             bne open_check_words
0AB4  A9 25             lda #<msg_open_what
0AB6  A0 11             ldy #>msg_open_what
0AB8  20 10 08          jsr print_msg
0ABB  60                rts
0ABC  A9 AC             lda #<kw_chest
0ABE  A0 0C             ldy #>kw_chest
0AC0  20 21 08          jsr str_equal
0AC3  C9 01             cmp #1
0AC5  F0 13             beq handle_open_chest
0AC7  A9 B2             lda #<kw_door
0AC9  A0 0C             ldy #>kw_door
0ACB  20 21 08          jsr str_equal
0ACE  C9 01             cmp #1
0AD0  F0 36             beq handle_open_door
0AD2  A9 0F             lda #<msg_open_nothing
0AD4  A0 11             ldy #>msg_open_nothing
0AD6  20 10 08          jsr print_msg
0AD9  60                rts
0ADA  AD BA 0B          lda current_room
0ADD  C9 02             cmp #COTTAGE
0ADF  F0 08             beq open_chest_here
0AE1  A9 04             lda #<msg_no_chest_here
0AE3  A0 10             ldy #>msg_no_chest_here
0AE5  20 10 08          jsr print_msg
0AE8  60                rts
0AE9  AD BB 0B          lda chest_open
0AEC  F0 08             beq chest_not_open_yet
0AEE  A9 CA             lda #<msg_chest_already_open
0AF0  A0 0F             ldy #>msg_chest_already_open
0AF2  20 10 08          jsr print_msg
0AF5  60                rts
0AF6  A9 01             lda #1
0AF8  8D BB 0B          sta chest_open
0AFB  A9 02             lda #COTTAGE
0AFD  8D BF 0B          sta item_location+KEY        ; reveal the key
0B00  A9 DE             lda #<msg_chest_opened
0B02  A0 0F             ldy #>msg_chest_opened
0B04  20 10 08          jsr print_msg
0B07  60                rts
0B08  AD BA 0B          lda current_room
0B0B  C9 03             cmp #CAVE_ENTRANCE
0B0D  F0 08             beq open_door_here
0B0F  A9 D1             lda #<msg_no_door_here
0B11  A0 10             ldy #>msg_no_door_here
0B13  20 10 08          jsr print_msg
0B16  60                rts
0B17  AD BC 0B          lda door_unlocked
0B1A  F0 08             beq door_not_open_yet
0B1C  A9 72             lda #<msg_door_already_open
0B1E  A0 10             ldy #>msg_door_already_open
0B20  20 10 08          jsr print_msg
0B23  60                rts
0B24  AD BF 0B          lda item_location+KEY
0B27  C9 FE             cmp #LOC_INV
0B29  F0 08             beq door_have_key
0B2B  A9 8D             lda #<msg_door_locked_need_key
0B2D  A0 10             ldy #>msg_door_locked_need_key
0B2F  20 10 08          jsr print_msg
0B32  60                rts
0B33  A9 01             lda #1
0B35  8D BC 0B          sta door_unlocked
0B38  A9 04             lda #DARK_CAVE
0B3A  8D C4 0B          sta exit_north+CAVE_ENTRANCE  ; the connection now exists
0B3D  A9 AB             lda #<msg_door_unlocked
0B3F  A0 10             ldy #>msg_door_unlocked
0B41  20 10 08          jsr print_msg
0B44  60                rts
0B45  A2 00             ldx #$00
0B47  A9 00             lda #$00
0B49  8D BD 0B          sta inv_found_flag
0B4C  BD BE 0B          lda item_location,x
0B4F  C9 FE             cmp #LOC_INV
0B51  D0 05             bne inv_check_next
0B53  A9 01             lda #1
0B55  8D BD 0B          sta inv_found_flag
0B58  E8                inx
0B59  E0 03             cpx #3
0B5B  D0 EF             bne inv_check_loop
0B5D  AD BD 0B          lda inv_found_flag
0B60  D0 08             bne inv_nonempty
0B62  A9 6E             lda #<msg_inventory_empty
0B64  A0 11             ldy #>msg_inventory_empty
0B66  20 10 08          jsr print_msg
0B69  60                rts
0B6A  A9 8D             lda #<msg_inventory_header
0B6C  A0 11             ldy #>msg_inventory_header
0B6E  20 10 08          jsr print_msg
0B71  A2 00             ldx #$00
0B73  BD BE 0B          lda item_location,x
0B76  C9 FE             cmp #LOC_INV
0B78  D0 0F             bne inv_print_next
0B7A  8A                txa
0B7B  0A                asl a
0B7C  A8                tay
0B7D  B9 4F 0C          lda item_name_table,y
0B80  48                pha
0B81  B9 50 0C          lda item_name_table+1,y
0B84  A8                tay
0B85  68                pla
0B86  20 10 08          jsr print_msg
0B89  E8                inx
0B8A  E0 03             cpx #3
0B8C  D0 E5             bne inv_print_loop
0B8E  60                rts
0B8F  A9 A0             lda #<msg_help1
0B91  A0 11             ldy #>msg_help1
0B93  20 10 08          jsr print_msg
0B96  A9 AB             lda #<msg_help2
0B98  A0 11             ldy #>msg_help2
0B9A  20 10 08          jsr print_msg
0B9D  A9 CE             lda #<msg_help3
0B9F  A0 11             ldy #>msg_help3
0BA1  20 10 08          jsr print_msg
0BA4  A9 EF             lda #<msg_help4
0BA6  A0 11             ldy #>msg_help4
0BA8  20 10 08          jsr print_msg
0BAB  A9 FC             lda #<msg_help5
0BAD  A0 11             ldy #>msg_help5
0BAF  20 10 08          jsr print_msg
0BB2  A9 0F             lda #<msg_help6
0BB4  A0 12             ldy #>msg_help6
0BB6  20 10 08          jsr print_msg
0BB9  60                rts

Symbol table:
  BITMAP               = $2000
  CAVE_ENTRANCE        = $0003
  CHRIN                = $FFCF
  CHROUT               = $FFD2
  CIA1_DDRA            = $DC02
  CIA1_DDRB            = $DC03
  CIA1_PRA             = $DC00
  CIA1_PRB             = $DC01
  CLEARING             = $0000
  COTTAGE              = $0002
  DARK_CAVE            = $0004
  FOREST               = $0001
  KEY                  = $0001
  LOC_INV              = $00FE
  LOC_NONE             = $00FF
  MAX_INPUT_LEN        = $0028
  MAX_WORD_LEN         = $000F
  ROCK                 = $0000
  SCREEN               = $0400
  SID_VOLUME           = $D418
  SPRITE0_COLOR        = $D027
  SPRITE0_X            = $D000
  SPRITE0_Y            = $D001
  SPRITE_ENABLE        = $D015
  SPRITE_PTR0          = $07F8
  TREASURE             = $0002
  VIC_BG0              = $D021
  VIC_BORDER           = $D020
  VIC_CTRL1            = $D011
  VIC_CTRL2            = $D016
  VIC_MEMPTRS          = $D018
  VOICE1_AD            = $D405
  VOICE1_CTRL          = $D404
  VOICE1_FREQ_HI       = $D401
  VOICE1_FREQ_LO       = $D400
  VOICE1_SR            = $D406
  __local1_done        = $0820
  __local1_loop        = $0816
  __local2_loop        = $0827
  __local2_no          = $0834
  __local2_yes         = $0837
  __local5_done        = $087E
  __local5_loop        = $086F
  __local6_end         = $08A9
  __local6_loop        = $0895
  __local6_skip_spaces = $0888
  __local6_space       = $08A8
  __local6_start       = $0893
  __local6_terminate   = $08A9
  call_indirect        = $08E3
  chest_closed_msg     = $0F7F
  chest_is_open        = $0971
  chest_not_open_yet   = $0AF6
  chest_open           = $0BBB
  chest_open_empty_msg = $0FA5
  cmp_ptr              = $00FD
  current_room         = $0BBA
  describe_item_loop   = $093F
  describe_item_next   = $0956
  describe_room        = $092B
  dispatch             = $08E6
  dispatch_loop        = $08F0
  dispatch_next        = $091B
  dispatch_not_found   = $0923
  do_move_check        = $0A32
  door_have_key        = $0B33
  door_is_open         = $0995
  door_locked_msg      = $101D
  door_not_open_yet    = $0B24
  door_unlocked        = $0BBC
  door_unlocked_msg    = $1049
  exit_east            = $0BCB
  exit_north           = $0BC1
  exit_south           = $0BC6
  exit_west            = $0BD0
  extract_word         = $0884
  handle_go            = $09A1
  handle_go_check_words = $09AE
  handle_go_east       = $0A20
  handle_go_north      = $0A0E
  handle_go_south      = $0A17
  handle_go_west       = $0A29
  handle_help          = $0B8F
  handle_inventory     = $0B45
  handle_look          = $099D
  handle_open          = $0AAF
  handle_open_chest    = $0ADA
  handle_open_door     = $0B08
  handle_take          = $0A45
  handler_vec          = $0002
  input_buf            = $0845
  inv_check_loop       = $0B4C
  inv_check_next       = $0B58
  inv_found_flag       = $0BBD
  inv_nonempty         = $0B6A
  inv_print_loop       = $0B73
  inv_print_next       = $0B89
  item_here_table      = $0C43
  item_location        = $0BBE
  item_name_table      = $0C4F
  item_take_msg_table  = $0C49
  key_here_msg         = $0EB6
  key_name_msg         = $0F6A
  key_take_msg         = $0F0F
  kw_chest             = $0CAC
  kw_door              = $0CB2
  kw_e                 = $0C72
  kw_east              = $0C6D
  kw_get               = $0C80
  kw_go                = $0C5A
  kw_help              = $0C95
  kw_i                 = $0C93
  kw_inventory         = $0C89
  kw_key               = $0C9F
  kw_look              = $0C55
  kw_n                 = $0C63
  kw_north             = $0C5D
  kw_open              = $0C84
  kw_ptr               = $0002
  kw_rock              = $0C9A
  kw_s                 = $0C6B
  kw_south             = $0C65
  kw_take              = $0C7B
  kw_treasure          = $0CA3
  kw_w                 = $0C79
  kw_west              = $0C74
  main_loop            = $08BF
  move_ok              = $0A3E
  msg_bad_direction    = $1163
  msg_cant_go          = $114B
  msg_chest_already_open = $0FCA
  msg_chest_opened     = $0FDE
  msg_dont_understand  = $1131
  msg_door_already_open = $1072
  msg_door_locked_need_key = $108D
  msg_door_unlocked    = $10AB
  msg_help1            = $11A0
  msg_help2            = $11AB
  msg_help3            = $11CE
  msg_help4            = $11EF
  msg_help5            = $11FC
  msg_help6            = $120F
  msg_inventory_empty  = $116E
  msg_inventory_header = $118D
  msg_no_chest_here    = $1004
  msg_no_door_here     = $10D1
  msg_open_nothing     = $110F
  msg_open_what        = $1125
  msg_take_fail        = $10E9
  msg_take_what        = $1103
  msg_welcome1         = $0CBA
  msg_welcome2         = $0CD9
  noun_buf             = $0BE5
  open_check_words     = $0ABC
  open_chest_here      = $0AE9
  open_door_here       = $0B17
  print_msg            = $0810
  prompt_str           = $0CB7
  read_joy2            = $083A
  read_line            = $086D
  rock_here_msg        = $0E9F
  rock_name_msg        = $0F62
  rock_take_msg        = $0EF8
  room0_desc           = $0D0A
  room1_desc           = $0D79
  room2_desc           = $0DE1
  room3_desc           = $0E1F
  room4_desc           = $0E5F
  room_desc_table      = $0C39
  skip_chest_desc      = $097F
  skip_door_desc       = $099C
  start                = $08AE
  str_equal            = $0821
  str_ptr              = $00FB
  take_check_words     = $0A52
  take_item            = $0A8A
  take_ok              = $0A9A
  take_try_key         = $0A62
  take_try_treasure    = $0A72
  take_unknown         = $0A82
  tokenize             = $08D2
  treasure_here_msg    = $0ECC
  treasure_name_msg    = $0F71
  treasure_take_msg    = $0F22
  verb_buf             = $0BD5
  verb_table           = $0BF5
  word_dest_ptr        = $00FB
