; c64asm listing  (origin $0801, 767 bytes)

080D  4C 91 09          .basic start   ; auto-emits `jmp start` right after the loader
0810  85 FB             sta str_ptr
0812  84 FC             sty str_ptr+1
0814  A0 00             ldy #$00
0816  B1 FB             lda (str_ptr),y
0818  F0 06             beq __local1_done
081A  20 D2 FF          jsr CHROUT
081D  C8                iny
081E  D0 F6             bne __local1_loop
0820  60                rts
0821  85 04             sta kw_ptr
0823  84 05             sty kw_ptr+1
0825  A0 00             ldy #$00
0827  B1 02             lda (cmp_ptr),y
0829  D1 04             cmp (kw_ptr),y
082B  D0 07             bne __local2_no
082D  C9 00             cmp #$00
082F  F0 06             beq __local2_yes
0831  C8                iny
0832  D0 F3             bne __local2_loop
0834  A9 00             lda #$00
0836  60                rts
0837  A9 01             lda #$01
0839  60                rts
083A  A9 00             lda #%00000000
083C  8D 02 DC          sta CIA1_DDRA
083F  AD 00 DC          lda CIA1_PRA
0842  49 FF             eor #$ff
0844  60                rts
086D  A2 00             ldx #$00
086F  20 CF FF          jsr CHRIN
0872  C9 0D             cmp #$0d
0874  F0 08             beq __local5_done
0876  9D 45 08          sta input_buf,x
0879  E8                inx
087A  E0 27             cpx #MAX_INPUT_LEN-1
087C  D0 F1             bne __local5_loop
087E  A9 00             lda #$00
0880  9D 45 08          sta input_buf,x
0883  60                rts
0884  85 FB             sta word_dest_ptr
0886  84 FC             sty word_dest_ptr+1
0888  BD 45 08          lda input_buf,x
088B  C9 20             cmp #$20
088D  D0 04             bne __local6_start
088F  E8                inx
0890  4C 88 08          jmp __local6_skip_spaces
0893  A0 00             ldy #$00
0895  BD 45 08          lda input_buf,x
0898  F0 0F             beq __local6_end
089A  C9 20             cmp #$20
089C  F0 0A             beq __local6_space
089E  91 FB             sta (word_dest_ptr),y
08A0  E8                inx
08A1  C8                iny
08A2  C0 0E             cpy #MAX_WORD_LEN-1
08A4  D0 EF             bne __local6_loop
08A6  F0 01             beq __local6_terminate
08A8  E8                inx
08A9  A9 00             lda #$00
08AB  91 FB             sta (word_dest_ptr),y
08AD  60                rts
08AE  AD 12 D0          lda VIC_RASTER
08B1  C9 FB             cmp #$fb
08B3  D0 F9             bne wait_frame
08B5  60                rts
08B6  A2 00             ldx #0                ; returned: did X bounce this frame?
08B8  A0 00             ldy #0                ; returned: did Y bounce this frame?
08BA  A5 0C             lda xdir
08BC  F0 1B             beq __local8_move_left
08BE  E6 06             inc xpos              ; 16-bit increment: bump the low byte, and
08C0  D0 02             bne __local8_x_inc_done        ; only the high byte too if that wrapped
08C2  E6 07             inc xpos+1
08C4  A5 06             lda xpos              ; 16-bit compare against XMAX
08C6  C9 40             cmp #<XMAX
08C8  D0 29             bne __local8_x_done
08CA  A5 07             lda xpos+1
08CC  C9 01             cmp #>XMAX
08CE  D0 23             bne __local8_x_done
08D0  A9 00             lda #0
08D2  85 0C             sta xdir             ; hit the right edge -- reverse
08D4  A2 01             ldx #1
08D6  4C F3 08          jmp __local8_x_done
08D9  A5 06             lda xpos              ; 16-bit decrement: only borrow into the
08DB  D0 02             bne __local8_x_dec_done         ; high byte if the low byte was already 0
08DD  C6 07             dec xpos+1
08DF  C6 06             dec xpos
08E1  A5 06             lda xpos              ; 16-bit compare against XMIN (XMIN is
08E3  C9 18             cmp #<XMIN              ; ordinarily under 256, so xpos+1 will
08E5  D0 0C             bne __local8_x_done               ; ordinarily be checked against 0 here,
08E7  A5 07             lda xpos+1                  ; but this works for any XMIN value)
08E9  C9 00             cmp #>XMIN
08EB  D0 06             bne __local8_x_done
08ED  A9 01             lda #1
08EF  85 0C             sta xdir             ; hit the left edge -- reverse
08F1  A2 01             ldx #1
08F3  A5 0E             lda ydir
08F5  F0 11             beq __local8_move_up
08F7  E6 0B             inc ypos
08F9  A5 0B             lda ypos
08FB  C9 E5             cmp #YMAX
08FD  D0 17             bne __local8_y_done
08FF  A9 00             lda #0
0901  85 0E             sta ydir             ; hit the bottom edge -- reverse
0903  A0 01             ldy #1
0905  4C 16 09          jmp __local8_y_done
0908  C6 0B             dec ypos
090A  A5 0B             lda ypos
090C  C9 32             cmp #YMIN
090E  D0 06             bne __local8_y_done
0910  A9 01             lda #1
0912  85 0E             sta ydir             ; hit the top edge -- reverse
0914  A0 01             ldy #1
0916  A5 06             lda xpos
0918  8D 00 D0          sta SPRITE0_X
091B  A5 07             lda xpos+1
091D  F0 0B             beq __local8_msb_clear
091F  AD 10 D0          lda SPRITE_X_MSB
0922  09 01             ora #%00000001       ; set sprite 0's bit only -- other sprites'
0924  8D 10 D0          sta SPRITE_X_MSB       ; MSB bits, if any, are left untouched
0927  4C 32 09          jmp __local8_msb_done
092A  AD 10 D0          lda SPRITE_X_MSB
092D  29 FE             and #%11111110
092F  8D 10 D0          sta SPRITE_X_MSB
0932  A5 0B             lda ypos
0934  8D 01 D0          sta SPRITE0_Y
0937  60                rts
0938  85 FD             sta gfx_ptr
093A  84 FE             sty gfx_ptr+1
093C  A9 01             lda #%00000001
093E  8D 1D D0          sta SPRITE_X_EXPAND
0941  8D 17 D0          sta SPRITE_Y_EXPAND
0944  A0 00             ldy #$00
0946  B1 FD             lda (gfx_ptr),y
0948  8D 27 D0          sta SPRITE0_COLOR
094B  20 AE 08          jsr wait_frame
094E  20 AE 08          jsr wait_frame
0951  C8                iny
0952  CA                dex
0953  D0 F1             bne __local9_loop
0955  A9 00             lda #0
0957  8D 15 D0          sta SPRITE_ENABLE
095A  8D 1D D0          sta SPRITE_X_EXPAND
095D  8D 17 D0          sta SPRITE_Y_EXPAND
0960  60                rts
0961  A5 09             lda engine_playing
0963  D0 1D             bne __local10_already_on
0965  A9 00             lda #$00
0967  8D 00 D4          sta VOICE1_FREQ_LO
096A  A9 08             lda #$08
096C  8D 01 D4          sta VOICE1_FREQ_HI
096F  A9 00             lda #$00
0971  8D 05 D4          sta VOICE1_AD
0974  A9 F8             lda #$f8
0976  8D 06 D4          sta VOICE1_SR
0979  A9 81             lda #%10000001          ; noise waveform, gate on
097B  8D 04 D4          sta VOICE1_CTRL
097E  A9 01             lda #1
0980  85 09             sta engine_playing
0982  60                rts
0983  A5 09             lda engine_playing
0985  F0 09             beq __local11_already_off
0987  A9 80             lda #%10000000          ; noise waveform, gate off
0989  8D 04 D4          sta VOICE1_CTRL
098C  A9 00             lda #0
098E  85 09             sta engine_playing
0990  60                rts
0991  A9 0F             lda #$0f
0993  8D 18 D4          sta SID_VOLUME
0996  A9 00             lda #$00
0998  8D 04 D4          sta VOICE1_CTRL
099B  A9 00             lda #%00000000
099D  8D 03 DC          sta CIA1_DDRB
09A0  A9 93             lda #$93
09A2  20 D2 FF          jsr CHROUT
09A5  A9 6D             lda #<welcome_msg
09A7  A0 0A             ldy #>welcome_msg
09A9  20 10 08          jsr print_msg
09AC  78                sei
09AD  A9 FF             lda #%11111111
09AF  8D 02 DC          sta CIA1_DDRA
09B2  A9 FD             lda #%11111101
09B4  8D 00 DC          sta CIA1_PRA
09B7  AD 01 DC          lda CIA1_PRB
09BA  58                cli
09BB  49 FF             eor #$ff          
09BD  29 02             and #%00000010
09BF  F0 EB             beq wait_key
09C1  AD 11 D0          lda VIC_CTRL1
09C4  09 20             ora #%00100000        
09C6  8D 11 D0          sta VIC_CTRL1
09C9  AD 18 D0          lda VIC_MEMPTRS
09CC  29 F0             and #%11110000        
09CE  09 08             ora #((BITMAP) / 1024)   
09D0  8D 18 D0          sta VIC_MEMPTRS
09D3  A9 00             lda #<(BITMAP)
09D5  85 FD             sta gfx_ptr
09D7  A9 20             lda #>(BITMAP)
09D9  85 FE             sta gfx_ptr+1
09DB  A2 20             ldx #32
09DD  A9 00             lda #$00
09DF  A0 00             ldy #$00
09E1  91 FD             sta (gfx_ptr),y
09E3  C8                iny
09E4  D0 FB             bne __local20_clear_byte
09E6  E6 FE             inc gfx_ptr+1
09E8  CA                dex
09E9  D0 F4             bne __local20_clear_loop
09EB  A9 00             lda #<SCREEN
09ED  85 FD             sta gfx_ptr
09EF  A9 04             lda #>SCREEN
09F1  85 FE             sta gfx_ptr+1
09F3  A2 04             ldx #4
09F5  A9 10             lda #%00010000
09F7  A0 00             ldy #$00
09F9  91 FD             sta (gfx_ptr),y
09FB  C8                iny
09FC  D0 FB             bne __local21_fill_byte
09FE  E6 FE             inc gfx_ptr+1
0A00  CA                dex
0A01  D0 F4             bne __local21_fill_loop
0A03  A9 2B             lda #((sprite_data) / 64)
0A05  8D F8 07          sta SPRITE_PTR0
0A08  A9 01             lda #1
0A0A  8D 27 D0          sta SPRITE0_COLOR
0A0D  A9 64             lda #100
0A0F  8D 00 D0          sta SPRITE0_X
0A12  A9 64             lda #100
0A14  8D 01 D0          sta SPRITE0_Y
0A17  A9 01             lda #%00000001
0A19  8D 15 D0          sta SPRITE_ENABLE
0A1C  78                sei
0A1D  A9 FF             lda #%11111111
0A1F  8D 02 DC          sta CIA1_DDRA
0A22  A9 FD             lda #%11111101
0A24  8D 00 DC          sta CIA1_PRA
0A27  AD 01 DC          lda CIA1_PRB
0A2A  58                cli
0A2B  49 FF             eor #$ff          
0A2D  29 02             and #%00000010
0A2F  D0 06             bne w_held
0A31  20 83 09          jsr engine_sound_off
0A34  4C 3A 0A          jmp check_restart
0A37  20 61 09          jsr engine_sound_on
0A3A  78                sei
0A3B  A9 FF             lda #%11111111
0A3D  8D 02 DC          sta CIA1_DDRA
0A40  A9 FB             lda #%11111011
0A42  8D 00 DC          sta CIA1_PRA
0A45  AD 01 DC          lda CIA1_PRB
0A48  58                cli
0A49  49 FF             eor #$ff          
0A4B  29 01             and #%00000001
0A4D  D0 03             bne do_restart
0A4F  4C 1C 0A          jmp main_loop
0A52  AD 11 D0          lda VIC_CTRL1
0A55  29 DF             and #%11011111         
0A57  8D 11 D0          sta VIC_CTRL1
0A5A  A9 14             lda #$14                
0A5C  8D 18 D0          sta VIC_MEMPTRS
0A5F  A9 93             lda #$93
0A61  20 D2 FF          jsr CHROUT
0A64  A9 9B             lda #<bye_msg
0A66  A0 0A             ldy #>bye_msg
0A68  20 10 08          jsr print_msg
0A6B  60                rts

Symbol table:
  BITMAP               = $2000
  CHRIN                = $FFCF
  CHROUT               = $FFD2
  CIA1_DDRA            = $DC02
  CIA1_DDRB            = $DC03
  CIA1_PRA             = $DC00
  CIA1_PRB             = $DC01
  MAX_INPUT_LEN        = $0028
  MAX_WORD_LEN         = $000F
  SCREEN               = $0400
  SID_VOLUME           = $D418
  SPRITE0_COLOR        = $D027
  SPRITE0_X            = $D000
  SPRITE0_Y            = $D001
  SPRITE_ENABLE        = $D015
  SPRITE_PTR0          = $07F8
  SPRITE_X_EXPAND      = $D01D
  SPRITE_X_MSB         = $D010
  SPRITE_Y_EXPAND      = $D017
  VIC_BG0              = $D021
  VIC_BORDER           = $D020
  VIC_CTRL1            = $D011
  VIC_CTRL2            = $D016
  VIC_MEMPTRS          = $D018
  VIC_RASTER           = $D012
  VOICE1_AD            = $D405
  VOICE1_CTRL          = $D404
  VOICE1_FREQ_HI       = $D401
  VOICE1_FREQ_LO       = $D400
  VOICE1_SR            = $D406
  XMAX                 = $0140
  XMIN                 = $0018
  YMAX                 = $00E5
  YMIN                 = $0032
  __local10_already_on = $0982
  __local11_already_off = $0990
  __local1_done        = $0820
  __local1_loop        = $0816
  __local20_clear_byte = $09E1
  __local20_clear_loop = $09DF
  __local21_fill_byte  = $09F9
  __local21_fill_loop  = $09F7
  __local2_loop        = $0827
  __local2_no          = $0834
  __local2_yes         = $0837
  __local5_done        = $087E
  __local5_loop        = $086F
  __local6_end         = $08A9
  __local6_loop        = $0895
  __local6_skip_spaces = $0888
  __local6_space       = $08A8
  __local6_start       = $0893
  __local6_terminate   = $08A9
  __local8_move_left   = $08D9
  __local8_move_up     = $0908
  __local8_msb_clear   = $092A
  __local8_msb_done    = $0932
  __local8_x_dec_done  = $08DF
  __local8_x_done      = $08F3
  __local8_x_inc_done  = $08C4
  __local8_y_done      = $0916
  __local9_loop        = $0946
  bye_msg              = $0A9B
  check_restart        = $0A3A
  cmp_ptr              = $0002
  do_restart           = $0A52
  engine_playing       = $0009
  engine_sound_off     = $0983
  engine_sound_on      = $0961
  extract_word         = $0884
  gfx_ptr              = $00FD
  input_buf            = $0845
  joy_state            = $0A6C
  kw_ptr               = $0004
  main_loop            = $0A1C
  no_fire              = $0A1C
  print_msg            = $0810
  read_joy2            = $083A
  read_line            = $086D
  sprite0_bounce_step  = $08B6
  sprite0_explode      = $0938
  sprite_data          = $0AC0
  start                = $0991
  str_equal            = $0821
  str_ptr              = $00FB
  w_held               = $0A37
  wait_frame           = $08AE
  wait_key             = $09AC
  welcome_msg          = $0A6D
  word_dest_ptr        = $00FB
  xdir                 = $000C
  xpos                 = $0006
  ydir                 = $000E
  ypos                 = $000B
